2024-10-08 09:01:45 INFO main.py - FastAPI app started with movie title list size [4809]
2024-10-08 09:03:09 WARNING models.py - email-validator not installed, email fields will be treated as str.
To install, run: pip install email-validator
2024-10-08 09:03:33 INFO main.py - FastAPI app started with movie title list size [4809]
2024-10-08 09:03:35 INFO main.py - FastAPI app started with movie title list size [4809]
2024-10-08 09:03:40 INFO main.py - FastAPI app started with movie title list size [4809]
2024-10-08 09:03:47 INFO main.py - FastAPI app started with movie title list size [4809]
2024-10-08 09:03:53 INFO main.py - FastAPI app started with movie title list size [4809]
2024-10-08 09:03:54 INFO main.py - FastAPI app started with movie title list size [4809]
2024-10-08 09:03:56 WARNING models.py - email-validator not installed, email fields will be treated as str.
To install, run: pip install email-validator
2024-10-08 09:04:01 INFO main.py - FastAPI app started with movie title list size [4809]
2024-10-08 09:04:01 WARNING models.py - email-validator not installed, email fields will be treated as str.
To install, run: pip install email-validator
2024-10-08 09:04:07 INFO main.py - FastAPI app started with movie title list size [4809]
2024-10-08 09:04:09 INFO main.py - FastAPI app started with movie title list size [4809]
2024-10-08 09:04:09 WARNING models.py - email-validator not installed, email fields will be treated as str.
To install, run: pip install email-validator
2024-10-08 09:04:17 INFO main.py - FastAPI app started with movie title list size [4809]
2024-10-08 09:04:18 INFO main.py - FastAPI app started with movie title list size [4809]
2024-10-08 09:04:19 WARNING models.py - email-validator not installed, email fields will be treated as str.
To install, run: pip install email-validator
2024-10-08 09:04:30 INFO main.py - FastAPI app started with movie title list size [4809]
2024-10-08 09:04:30 WARNING models.py - email-validator not installed, email fields will be treated as str.
To install, run: pip install email-validator
2024-10-08 09:04:39 INFO main.py - FastAPI app started with movie title list size [4809]
2024-10-08 09:04:40 INFO main.py - FastAPI app started with movie title list size [4809]
2024-10-08 09:04:42 INFO main.py - FastAPI app started with movie title list size [4809]
2024-10-08 09:04:42 WARNING models.py - email-validator not installed, email fields will be treated as str.
To install, run: pip install email-validator
2024-10-08 09:04:46 INFO main.py - FastAPI app started with movie title list size [4809]
2024-10-08 09:05:04 INFO main.py - FastAPI app started with movie title list size [4809]
2024-10-08 09:05:07 INFO main.py - FastAPI app started with movie title list size [4809]
2024-10-08 09:05:08 INFO main.py - FastAPI app started with movie title list size [4809]
2024-10-08 09:05:15 INFO main.py - FastAPI app started with movie title list size [4809]
2024-10-08 09:05:16 INFO main.py - FastAPI app started with movie title list size [4809]
2024-10-08 09:05:20 INFO main.py - FastAPI app started with movie title list size [4809]
2024-10-08 09:05:20 WARNING models.py - email-validator not installed, email fields will be treated as str.
To install, run: pip install email-validator
2024-10-08 09:05:41 INFO main.py - FastAPI app started with movie title list size [4809]
2024-10-08 09:05:45 WARNING models.py - email-validator not installed, email fields will be treated as str.
To install, run: pip install email-validator
2024-10-08 09:10:21 INFO recommendation.py - Get title list limit 10 shuffle False
2024-10-08 09:10:21 INFO recommendation.py - Get title list limit 10 shuffle False
2024-10-08 09:10:24 INFO recommendation.py - Get title list limit 10 shuffle True
2024-10-08 09:10:25 INFO recommendation.py - Get title list limit 10 shuffle True
2024-10-08 09:10:35 INFO main.py - Caputando HTTPException motivo Movie Mystery Me not found
2024-10-08 09:10:46 INFO main.py - Caputando HTTPException motivo Movie Mystery Man not found
2024-10-08 09:31:47 INFO main.py - FastAPI app started with movie title list size [4809]
2024-10-08 09:31:48 INFO main.py - FastAPI app started with movie title list size [4809]
2024-10-08 09:32:22 INFO main.py - FastAPI app started with movie title list size [4809]
2024-10-08 09:32:38 INFO main.py - Petición a /, redirigiendo a /docs...
2024-10-08 09:32:38 WARNING models.py - email-validator not installed, email fields will be treated as str.
To install, run: pip install email-validator
2024-10-08 09:33:11 INFO main.py - FastAPI app started with movie title list size [4809]
2024-10-08 09:33:16 INFO main.py - FastAPI app started with movie title list size [4809]
2024-10-08 09:33:23 INFO main.py - FastAPI app started with movie title list size [4809]
2024-10-08 09:34:03 WARNING models.py - email-validator not installed, email fields will be treated as str.
To install, run: pip install email-validator
2024-10-08 09:55:03 INFO recommendation.py - Get title list limit 10 shuffle False
2024-10-08 09:55:04 INFO recommendation.py - Get title list limit 10 shuffle False
2024-10-08 09:55:06 INFO recommendation.py - Get title list limit 10 shuffle False
2024-10-08 09:55:06 INFO recommendation.py - Get title list limit 10 shuffle False
2024-10-08 09:55:06 INFO recommendation.py - Get title list limit 10 shuffle False
2024-10-08 09:55:07 INFO recommendation.py - Get title list limit 10 shuffle False
2024-10-08 10:58:27 INFO main.py - FastAPI app started with movie title list size [4809]
2024-10-08 12:11:30 INFO main.py - FastAPI app started with movie title list size [4809]
2024-10-08 12:11:58 INFO main.py - FastAPI app started with movie title list size [4809]
2024-10-08 12:12:00 INFO main.py - FastAPI app started with movie title list size [4809]
2024-10-08 12:12:04 INFO main.py - FastAPI app started with movie title list size [4809]
2024-10-08 12:12:12 INFO main.py - FastAPI app started with movie title list size [4809]
2024-10-08 12:12:15 INFO main.py - FastAPI app started with movie title list size [4809]
2024-10-08 12:12:24 WARNING models.py - email-validator not installed, email fields will be treated as str.
To install, run: pip install email-validator
2024-10-08 12:12:44 INFO main.py - FastAPI app started with movie title list size [4809]
2024-10-08 12:12:44 WARNING models.py - email-validator not installed, email fields will be treated as str.
To install, run: pip install email-validator
2024-10-08 12:15:55 INFO main.py - FastAPI app started with movie title list size [4809]
2024-10-08 12:25:06 INFO main.py - FastAPI app started with movie title list size [4809]
2024-10-08 12:30:22 INFO main.py - FastAPI app started with movie title list size [4809]
2024-10-08 12:30:27 INFO main.py - FastAPI app started with movie title list size [4809]
2024-10-08 12:30:30 INFO main.py - FastAPI app started with movie title list size [4809]
2024-10-08 12:39:11 INFO main.py - FastAPI app started with movie title list size [4809]
2024-10-08 12:40:52 INFO main.py - FastAPI app started with movie title list size [4809]
2024-10-08 12:41:25 INFO main.py - FastAPI app started with movie title list size [4809]
2024-10-08 12:45:11 INFO main.py - FastAPI app started with movie title list size [4809]
2024-10-08 12:45:17 INFO main.py - FastAPI app started with movie title list size [4809]
2024-10-08 12:45:33 INFO main.py - FastAPI app started with movie title list size [4809]
2024-10-08 12:47:09 INFO main.py - FastAPI app started with movie title list size [4809]
2024-10-08 12:47:15 INFO main.py - FastAPI app started with movie title list size [4809]
2024-10-08 12:47:18 INFO main.py - FastAPI app started with movie title list size [4809]
2024-10-08 12:47:19 INFO main.py - FastAPI app started with movie title list size [4809]
2024-10-08 12:52:11 INFO main.py - FastAPI app started with movie title list size [4809]
2024-10-08 12:52:19 INFO main.py - FastAPI app started with movie title list size [4809]
2024-10-08 12:53:52 INFO main.py - FastAPI app started with movie title list size [4809]
2024-10-08 12:54:37 INFO main.py - FastAPI app started with movie title list size [4809]
2024-10-08 12:55:02 INFO main.py - FastAPI app started with movie title list size [4809]
2024-10-08 12:55:50 INFO main.py - FastAPI app started with movie title list size [4809]
2024-10-08 12:55:56 INFO main.py - FastAPI app started with movie title list size [4809]
2024-10-08 12:55:59 INFO main.py - FastAPI app started with movie title list size [4809]
2024-10-08 12:56:02 INFO main.py - FastAPI app started with movie title list size [4809]
2024-10-08 12:57:45 INFO main.py - FastAPI app started with movie title list size [4809]
2024-10-08 12:57:47 INFO main.py - FastAPI app started with movie title list size [4809]
2024-10-08 12:57:49 INFO main.py - FastAPI app started with movie title list size [4809]
2024-10-08 12:58:19 INFO main.py - FastAPI app started with movie title list size [4809]
2024-10-08 12:59:04 INFO main.py - FastAPI app started with movie title list size [4809]
2024-10-08 12:59:34 INFO main.py - FastAPI app started with movie title list size [4809]
2024-10-08 13:00:14 INFO main.py - FastAPI app started with movie title list size [4809]
2024-10-08 13:00:16 INFO main.py - FastAPI app started with movie title list size [4809]
2024-10-08 13:00:17 INFO main.py - FastAPI app started with movie title list size [4809]
2024-10-08 13:00:55 INFO main.py - FastAPI app started with movie title list size [4809]
2024-10-08 13:02:15 INFO main.py - FastAPI app started with movie title list size [4809]
2024-10-08 13:02:37 INFO main.py - FastAPI app started with movie title list size [4809]
2024-10-08 16:36:26 INFO main.py - FastAPI app started with movie title list size [4809]
2024-10-08 16:37:05 WARNING models.py - email-validator not installed, email fields will be treated as str.
To install, run: pip install email-validator
2024-10-08 17:01:58 INFO main.py - FastAPI app started with movie title list size [4809]
2024-10-08 17:02:21 INFO main.py - FastAPI app started with movie title list size [4809]
2024-10-08 17:16:28 INFO main.py - FastAPI app started with movie title list size [4809]
2024-10-08 17:19:51 INFO main.py - FastAPI app started with movie title list size [4809]
2024-10-08 17:20:42 INFO main.py - FastAPI app started with movie title list size [4809]
2024-10-08 17:21:53 INFO main.py - FastAPI app started with movie title list size [4809]
2024-10-08 17:22:35 INFO main.py - FastAPI app started with movie title list size [4809]
2024-10-08 17:24:33 INFO main.py - FastAPI app started with movie title list size [4809]
2024-10-08 17:37:46 INFO main.py - FastAPI app started with movie title list size [4809]
2024-10-08 17:59:09 INFO main.py - FastAPI app started with movie title list size [4809]
2024-10-08 18:01:13 INFO main.py - FastAPI app started with movie title list size [4809]
2024-10-08 18:35:01 INFO main.py - FastAPI app started with movie title list size [4809]
2024-10-08 18:40:52 INFO main.py - FastAPI app started with movie title list size [4809]
2024-10-08 18:43:20 INFO main.py - FastAPI app started with movie title list size [4809]
2024-10-08 18:55:01 INFO main.py - FastAPI app started with movie title list size [4809]
